<?xml version="1.0" encoding="UTF-8"?>
<!-- Generated by org.testng.reporters.JUnitReportReporter -->
<testsuite skipped="0" hostname="WRHNDEV021" name="Cases.TestClass" tests="1" failures="0" timestamp="4 May 2017 11:51:01 GMT" time="21.536" errors="0">
  <testcase name="Createtask" time="21.536" classname="Cases.TestClass"/>
</testsuite> <!-- Cases.TestClass -->
